\BOOKMARK [0][-]{chapter.1}{Condensed Procedures}{}% 1
\BOOKMARK [0][-]{chapter.2}{Overview}{}% 2
\BOOKMARK [0][-]{chapter.3}{Building the Hardware}{}% 3
\BOOKMARK [1][-]{section.3.1}{Rotor}{chapter.3}% 4
\BOOKMARK [1][-]{section.3.2}{LNA}{chapter.3}% 5
\BOOKMARK [1][-]{section.3.3}{Feed}{chapter.3}% 6
\BOOKMARK [1][-]{section.3.4}{Antenna}{chapter.3}% 7
\BOOKMARK [2][-]{subsection.3.4.1}{Pier}{section.3.4}% 8
\BOOKMARK [2][-]{subsection.3.4.2}{Dish}{section.3.4}% 9
\BOOKMARK [0][-]{chapter.4}{SRT Software}{}% 10
\BOOKMARK [1][-]{section.4.1}{Commands}{chapter.4}% 11
\BOOKMARK [1][-]{section.4.2}{Setup}{chapter.4}% 12
\BOOKMARK [1][-]{section.4.3}{Compiling}{chapter.4}% 13
\BOOKMARK [1][-]{section.4.4}{Files}{chapter.4}% 14
\BOOKMARK [1][-]{section.4.5}{Command Files}{chapter.4}% 15
\BOOKMARK [1][-]{section.4.6}{Indepth Procedure}{chapter.4}% 16
\BOOKMARK [0][-]{chapter.5}{Data Reduction}{}% 17
\BOOKMARK [1][-]{section.5.1}{Parsing the Data Files}{chapter.5}% 18
\BOOKMARK [1][-]{section.5.2}{Gnuplot}{chapter.5}% 19
\BOOKMARK [1][-]{section.5.3}{Formulas}{chapter.5}% 20
\BOOKMARK [1][-]{section.5.4}{GitHub}{chapter.5}% 21
\BOOKMARK [2][-]{subsection.5.4.1}{Quick Command Breakdown}{section.5.4}% 22
\BOOKMARK [2][-]{subsection.5.4.2}{Proper Usage}{section.5.4}% 23
\BOOKMARK [0][-]{chapter.6}{Complete Parts List}{}% 24
\BOOKMARK [1][-]{section.6.1}{Feed \046 LNA}{chapter.6}% 25
\BOOKMARK [1][-]{section.6.2}{Mount \046 Dish}{chapter.6}% 26
